[INFO] 10-06-2024 23:56:48 [main] [Tests.TC03_CartTest.setup(TC03_CartTest.java:30)] - Edge Driver is opened
[INFO] 10-06-2024 23:56:49 [main] [Tests.TC03_CartTest.setup(TC03_CartTest.java:32)] - URL is opened
[INFO] 10-06-2024 23:56:50 [main] [Listeners.ITestResultListenerClass.onTestStart(ITestResultListenerClass.java:10)] - Test Case comparingPricesTC started
[INFO] 10-06-2024 23:56:50 [main] [Pages.P02_LandingPage.addRandomProducts(P02_LandingPage.java:74)] - randomNumber 2
[INFO] 10-06-2024 23:56:50 [main] [Pages.P02_LandingPage.addRandomProducts(P02_LandingPage.java:74)] - randomNumber 4
[ERROR] 10-06-2024 23:56:52 [main] [Pages.P02_LandingPage.getTotalPriceOfSelectedProducts(P02_LandingPage.java:110)] - javascript error: {"status":32,"value":"Unable to locate an element with the xpath expression (//button[.='Remove'] //preceding-sibling::div[@class='inventory_item_price'])(1] because of the following error:\nSyntaxError: Failed to execute 'evaluate' on 'Document': The string '(//button[.='Remove'] //preceding-sibling::div[@class='inventory_item_price'])(1]' is not a valid XPath expression."}
  (Session info: MicrosoftEdge=125.0.2535.92)
Build info: version: '4.21.0', revision: '79ed462ef4'
System info: os.name: 'Windows 10', os.arch: 'amd64', os.version: '10.0', java.version: '22.0.1'
Driver info: org.openqa.selenium.edge.EdgeDriver
Command: [0df4064ea17a7886067a3a16c35a04a9, findElement {value=(//button[.='Remove'] //preceding-sibling::div[@class='inventory_item_price'])(1], using=xpath}]
Capabilities {acceptInsecureCerts: false, browserName: MicrosoftEdge, browserVersion: 125.0.2535.92, fedcm:accounts: true, ms:edgeOptions: {debuggerAddress: localhost:53705}, msedge: {msedgedriverVersion: 125.0.2535.92 (d2d4746171db..., userDataDir: C:\Users\ruuel\AppData\Loca...}, networkConnectionEnabled: false, pageLoadStrategy: normal, platformName: windows, proxy: Proxy(), se:cdp: ws://localhost:53705/devtoo..., se:cdpVersion: 125.0.2535.92, setWindowRect: true, strictFileInteractability: false, timeouts: {implicit: 0, pageLoad: 300000, script: 30000}, unhandledPromptBehavior: dismiss and notify, webauthn:extension:credBlob: true, webauthn:extension:largeBlob: true, webauthn:extension:minPinLength: true, webauthn:extension:prf: true, webauthn:virtualAuthenticators: true}
Session ID: 0df4064ea17a7886067a3a16c35a04a9
[ERROR] 10-06-2024 23:56:52 [main] [Pages.P03_CartPage.getTotalPrice(P03_CartPage.java:34)] - javascript error: {"status":32,"value":"Unable to locate an element with the xpath expression (//button[.='Remove'] //preceding-sibling::div[@class='inventory_item_price'])(1] because of the following error:\nSyntaxError: Failed to execute 'evaluate' on 'Document': The string '(//button[.='Remove'] //preceding-sibling::div[@class='inventory_item_price'])(1]' is not a valid XPath expression."}
  (Session info: MicrosoftEdge=125.0.2535.92)
Build info: version: '4.21.0', revision: '79ed462ef4'
System info: os.name: 'Windows 10', os.arch: 'amd64', os.version: '10.0', java.version: '22.0.1'
Driver info: org.openqa.selenium.edge.EdgeDriver
Command: [0df4064ea17a7886067a3a16c35a04a9, findElement {value=(//button[.='Remove'] //preceding-sibling::div[@class='inventory_item_price'])(1], using=xpath}]
Capabilities {acceptInsecureCerts: false, browserName: MicrosoftEdge, browserVersion: 125.0.2535.92, fedcm:accounts: true, ms:edgeOptions: {debuggerAddress: localhost:53705}, msedge: {msedgedriverVersion: 125.0.2535.92 (d2d4746171db..., userDataDir: C:\Users\ruuel\AppData\Loca...}, networkConnectionEnabled: false, pageLoadStrategy: normal, platformName: windows, proxy: Proxy(), se:cdp: ws://localhost:53705/devtoo..., se:cdpVersion: 125.0.2535.92, setWindowRect: true, strictFileInteractability: false, timeouts: {implicit: 0, pageLoad: 300000, script: 30000}, unhandledPromptBehavior: dismiss and notify, webauthn:extension:credBlob: true, webauthn:extension:largeBlob: true, webauthn:extension:minPinLength: true, webauthn:extension:prf: true, webauthn:virtualAuthenticators: true}
Session ID: 0df4064ea17a7886067a3a16c35a04a9
[INFO] 10-06-2024 23:56:52 [main] [Listeners.ITestResultListenerClass.onTestSuccess(ITestResultListenerClass.java:14)] - Test Case comparingPricesTC passed
